#
# There is insufficient memory for the Java Runtime Environment to continue.
# Native memory allocation (malloc) failed to allocate 352368 bytes for Chunk::new
# Possible reasons:
#   The system is out of physical RAM or swap space
#   The process is running with CompressedOops enabled, and the Java Heap may be blocking the growth of the native heap
# Possible solutions:
#   Reduce memory load on the system
#   Increase physical memory or swap space
#   Check if swap backing store is full
#   Decrease Java heap size (-Xmx/-Xms)
#   Decrease number of Java threads
#   Decrease Java thread stack sizes (-Xss)
#   Set larger code cache with -XX:ReservedCodeCacheSize=
#   JVM is running with Unscaled Compressed Oops mode in which the Java heap is
#     placed in the first 4GB address space. The Java Heap base address is the
#     maximum limit for the native heap growth. Please use -XX:HeapBaseMinAddress
#     to set the Java Heap base and to place the Java Heap above 4GB virtual address.
# This output file may be truncated or incomplete.
#
#  Out of Memory Error (arena.cpp:189), pid=23308, tid=22288
#
# JRE version: OpenJDK Runtime Environment Temurin-17.0.1+12 (17.0.1+12) (build 17.0.1+12)
# Java VM: OpenJDK 64-Bit Server VM Temurin-17.0.1+12 (17.0.1+12, mixed mode, tiered, compressed oops, compressed class ptrs, g1 gc, windows-amd64)
# No core dump will be written. Minidumps are not enabled by default on client versions of Windows
#

---------------  S U M M A R Y ------------

Command Line: -Dfile.encoding=Cp1252 -XX:+ShowCodeDetailsInExceptionMessages defaultPackage.Application

Host: Intel(R) Core(TM) i7-7700HQ CPU @ 2.80GHz, 8 cores, 7G,  Windows 10 , 64 bit Build 19041 (10.0.19041.1348)
Time: Fri Dec 17 17:39:07 2021 Paris, Madrid elapsed time: 1.096194 seconds (0d 0h 0m 1s)

---------------  T H R E A D  ---------------

Current thread (0x000002346b8ef730):  JavaThread "C2 CompilerThread0" daemon [_thread_in_native, id=22288, stack(0x000000848f100000,0x000000848f200000)]


Current CompileTask:
C2:   1096  892 %     4       sun.java2d.marlin.MarlinCache::copyAARowRLE_WithBlockFlags @ 269 (733 bytes)

Stack: [0x000000848f100000,0x000000848f200000]
Native frames: (J=compiled Java code, j=interpreted, Vv=VM code, C=native code)
V  [jvm.dll+0x6744da]
V  [jvm.dll+0x82e144]
V  [jvm.dll+0x82f8ee]
V  [jvm.dll+0x82ff53]
V  [jvm.dll+0x245175]
V  [jvm.dll+0xab85b]
V  [jvm.dll+0xabdec]
V  [jvm.dll+0x362f07]
V  [jvm.dll+0x1bb4b2]
V  [jvm.dll+0x218189]
V  [jvm.dll+0x217451]
V  [jvm.dll+0x1a355d]
V  [jvm.dll+0x226e38]
V  [jvm.dll+0x224f7c]
V  [jvm.dll+0x7e3f5b]
V  [jvm.dll+0x7de51a]
V  [jvm.dll+0x673305]
C  [ucrtbase.dll+0x21bb2]
C  [KERNEL32.DLL+0x17034]
C  [ntdll.dll+0x52651]


---------------  P R O C E S S  ---------------

Threads class SMR info:
_java_thread_list=0x000002346c4347d0, length=19, elements={
0x000002346b8a2360, 0x000002346b8a3170, 0x000002346b8c0460, 0x000002346b8c0f20,
0x000002346b8e9fc0, 0x000002346b8eea70, 0x000002346b8ef730, 0x000002346c437030,
0x000002346b8fd7d0, 0x000002346c587360, 0x000002346c592d10, 0x000002346c8148e0,
0x000002346c7f3250, 0x000002346c7f3720, 0x000002346c8e4440, 0x00000234519073f0,
0x000002346ce72f70, 0x00000234747cff40, 0x0000023474b71160
}

Java Threads: ( => current thread )
  0x000002346b8a2360 JavaThread "Reference Handler" daemon [_thread_blocked, id=14108, stack(0x000000848eb00000,0x000000848ec00000)]
  0x000002346b8a3170 JavaThread "Finalizer" daemon [_thread_blocked, id=1044, stack(0x000000848ec00000,0x000000848ed00000)]
  0x000002346b8c0460 JavaThread "Signal Dispatcher" daemon [_thread_blocked, id=4464, stack(0x000000848ed00000,0x000000848ee00000)]
  0x000002346b8c0f20 JavaThread "Attach Listener" daemon [_thread_blocked, id=7652, stack(0x000000848ee00000,0x000000848ef00000)]
  0x000002346b8e9fc0 JavaThread "Service Thread" daemon [_thread_blocked, id=21164, stack(0x000000848ef00000,0x000000848f000000)]
  0x000002346b8eea70 JavaThread "Monitor Deflation Thread" daemon [_thread_blocked, id=20068, stack(0x000000848f000000,0x000000848f100000)]
=>0x000002346b8ef730 JavaThread "C2 CompilerThread0" daemon [_thread_in_native, id=22288, stack(0x000000848f100000,0x000000848f200000)]
  0x000002346c437030 JavaThread "C1 CompilerThread0" daemon [_thread_blocked, id=15936, stack(0x000000848f200000,0x000000848f300000)]
  0x000002346b8fd7d0 JavaThread "Sweeper thread" daemon [_thread_blocked, id=20456, stack(0x000000848f300000,0x000000848f400000)]
  0x000002346c587360 JavaThread "Notification Thread" daemon [_thread_blocked, id=13252, stack(0x000000848f400000,0x000000848f500000)]
  0x000002346c592d10 JavaThread "Common-Cleaner" daemon [_thread_blocked, id=19212, stack(0x000000848f600000,0x000000848f700000)]
  0x000002346c8148e0 JavaThread "Java2D Disposer" daemon [_thread_blocked, id=18196, stack(0x000000848f700000,0x000000848f800000)]
  0x000002346c7f3250 JavaThread "AWT-Shutdown" [_thread_blocked, id=7680, stack(0x000000848f800000,0x000000848f900000)]
  0x000002346c7f3720 JavaThread "AWT-Windows" daemon [_thread_in_native, id=5708, stack(0x000000848f900000,0x000000848fa00000)]
  0x000002346c8e4440 JavaThread "AWT-EventQueue-0" [_thread_in_native, id=18292, stack(0x000000848fa00000,0x000000848fb00000)]
  0x00000234519073f0 JavaThread "DestroyJavaVM" [_thread_blocked, id=15536, stack(0x000000848e400000,0x000000848e500000)]
  0x000002346ce72f70 JavaThread "C2 CompilerThread1" daemon [_thread_blocked, id=19976, stack(0x000000848fd00000,0x000000848fe00000)]
  0x00000234747cff40 JavaThread "TimerQueue" daemon [_thread_blocked, id=22928, stack(0x000000848fe00000,0x000000848ff00000)]
  0x0000023474b71160 JavaThread "D3D Screen Updater" daemon [_thread_in_native, id=22268, stack(0x0000008490200000,0x0000008490300000)]

Other Threads:
  0x000002346b89e4c0 VMThread "VM Thread" [stack: 0x000000848ea00000,0x000000848eb00000] [id=19008]
  0x000002346c4da3f0 WatcherThread [stack: 0x000000848f500000,0x000000848f600000] [id=18316]
  0x0000023451947200 GCTaskThread "GC Thread#0" [stack: 0x000000848e500000,0x000000848e600000] [id=22944]
  0x0000023451958f40 ConcurrentGCThread "G1 Main Marker" [stack: 0x000000848e600000,0x000000848e700000] [id=20256]
  0x0000023451959f90 ConcurrentGCThread "G1 Conc#0" [stack: 0x000000848e700000,0x000000848e800000] [id=14776]
  0x000002346b710090 ConcurrentGCThread "G1 Refine#0" [stack: 0x000000848e800000,0x000000848e900000] [id=16416]
  0x000002346b711870 ConcurrentGCThread "G1 Service" [stack: 0x000000848e900000,0x000000848ea00000] [id=9244]

Threads with active compile tasks:
C2 CompilerThread0     1140  892 %     4       sun.java2d.marlin.MarlinCache::copyAARowRLE_WithBlockFlags @ 269 (733 bytes)

VM state: not at safepoint (normal execution)

VM Mutex/Monitor currently owned by a thread: None

Heap address: 0x0000000080c00000, size: 2036 MB, Compressed Oops mode: 32-bit

CDS archive(s) not mapped
Compressed class space mapped at: 0x0000000100000000-0x0000000140000000, reserved size: 1073741824
Narrow klass base: 0x0000000000000000, Narrow klass shift: 3, Narrow klass range: 0x140000000

GC Precious Log:
 CPUs: 8 total, 8 available
 Memory: 8142M
 Large Page Support: Disabled
 NUMA Support: Disabled
 Compressed Oops: Enabled (32-bit)
 Heap Region Size: 1M
 Heap Min Capacity: 8M
 Heap Initial Capacity: 128M
 Heap Max Capacity: 2036M
 Pre-touch: Disabled
 Parallel Workers: 8
 Concurrent Workers: 2
 Concurrent Refinement Workers: 8
 Periodic GC: Disabled

Heap:
 garbage-first heap   total 131072K, used 7168K [0x0000000080c00000, 0x0000000100000000)
  region size 1024K, 8 young (8192K), 0 survivors (0K)
 Metaspace       used 16564K, committed 16768K, reserved 1064960K
  class space    used 1756K, committed 1856K, reserved 1048576K

Heap Regions: E=young(eden), S=young(survivor), O=old, HS=humongous(starts), HC=humongous(continues), CS=collection set, F=free, OA=open archive, CA=closed archive, TAMS=top-at-mark-start (previous, next)
|   0|0x0000000080c00000, 0x0000000080c00000, 0x0000000080d00000|  0%| F|  |TAMS 0x0000000080c00000, 0x0000000080c00000| Untracked 
|   1|0x0000000080d00000, 0x0000000080d00000, 0x0000000080e00000|  0%| F|  |TAMS 0x0000000080d00000, 0x0000000080d00000| Untracked 
|   2|0x0000000080e00000, 0x0000000080e00000, 0x0000000080f00000|  0%| F|  |TAMS 0x0000000080e00000, 0x0000000080e00000| Untracked 
|   3|0x0000000080f00000, 0x0000000080f00000, 0x0000000081000000|  0%| F|  |TAMS 0x0000000080f00000, 0x0000000080f00000| Untracked 
|   4|0x0000000081000000, 0x0000000081000000, 0x0000000081100000|  0%| F|  |TAMS 0x0000000081000000, 0x0000000081000000| Untracked 
|   5|0x0000000081100000, 0x0000000081100000, 0x0000000081200000|  0%| F|  |TAMS 0x0000000081100000, 0x0000000081100000| Untracked 
|   6|0x0000000081200000, 0x0000000081200000, 0x0000000081300000|  0%| F|  |TAMS 0x0000000081200000, 0x0000000081200000| Untracked 
|   7|0x0000000081300000, 0x0000000081300000, 0x0000000081400000|  0%| F|  |TAMS 0x0000000081300000, 0x0000000081300000| Untracked 
|   8|0x0000000081400000, 0x0000000081400000, 0x0000000081500000|  0%| F|  |TAMS 0x0000000081400000, 0x0000000081400000| Untracked 
|   9|0x0000000081500000, 0x0000000081500000, 0x0000000081600000|  0%| F|  |TAMS 0x0000000081500000, 0x0000000081500000| Untracked 
|  10|0x0000000081600000, 0x0000000081600000, 0x0000000081700000|  0%| F|  |TAMS 0x0000000081600000, 0x0000000081600000| Untracked 
|  11|0x0000000081700000, 0x0000000081700000, 0x0000000081800000|  0%| F|  |TAMS 0x0000000081700000, 0x0000000081700000| Untracked 
|  12|0x0000000081800000, 0x0000000081800000, 0x0000000081900000|  0%| F|  |TAMS 0x0000000081800000, 0x0000000081800000| Untracked 
|  13|0x0000000081900000, 0x0000000081900000, 0x0000000081a00000|  0%| F|  |TAMS 0x0000000081900000, 0x0000000081900000| Untracked 
|  14|0x0000000081a00000, 0x0000000081a00000, 0x0000000081b00000|  0%| F|  |TAMS 0x0000000081a00000, 0x0000000081a00000| Untracked 
|  15|0x0000000081b00000, 0x0000000081b00000, 0x0000000081c00000|  0%| F|  |TAMS 0x0000000081b00000, 0x0000000081b00000| Untracked 
|  16|0x0000000081c00000, 0x0000000081c00000, 0x0000000081d00000|  0%| F|  |TAMS 0x0000000081c00000, 0x0000000081c00000| Untracked 
|  17|0x0000000081d00000, 0x0000000081d00000, 0x0000000081e00000|  0%| F|  |TAMS 0x0000000081d00000, 0x0000000081d00000| Untracked 
|  18|0x0000000081e00000, 0x0000000081e00000, 0x0000000081f00000|  0%| F|  |TAMS 0x0000000081e00000, 0x0000000081e00000| Untracked 
|  19|0x0000000081f00000, 0x0000000081f00000, 0x0000000082000000|  0%| F|  |TAMS 0x0000000081f00000, 0x0000000081f00000| Untracked 
|  20|0x0000000082000000, 0x0000000082000000, 0x0000000082100000|  0%| F|  |TAMS 0x0000000082000000, 0x0000000082000000| Untracked 
|  21|0x0000000082100000, 0x0000000082100000, 0x0000000082200000|  0%| F|  |TAMS 0x0000000082100000, 0x0000000082100000| Untracked 
|  22|0x0000000082200000, 0x0000000082200000, 0x0000000082300000|  0%| F|  |TAMS 0x0000000082200000, 0x0000000082200000| Untracked 
|  23|0x0000000082300000, 0x0000000082300000, 0x0000000082400000|  0%| F|  |TAMS 0x0000000082300000, 0x0000000082300000| Untracked 
|  24|0x0000000082400000, 0x0000000082400000, 0x0000000082500000|  0%| F|  |TAMS 0x0000000082400000, 0x0000000082400000| Untracked 
|  25|0x0000000082500000, 0x0000000082500000, 0x0000000082600000|  0%| F|  |TAMS 0x0000000082500000, 0x0000000082500000| Untracked 
|  26|0x0000000082600000, 0x0000000082600000, 0x0000000082700000|  0%| F|  |TAMS 0x0000000082600000, 0x0000000082600000| Untracked 
|  27|0x0000000082700000, 0x0000000082700000, 0x0000000082800000|  0%| F|  |TAMS 0x0000000082700000, 0x0000000082700000| Untracked 
|  28|0x0000000082800000, 0x0000000082800000, 0x0000000082900000|  0%| F|  |TAMS 0x0000000082800000, 0x0000000082800000| Untracked 
|  29|0x0000000082900000, 0x0000000082900000, 0x0000000082a00000|  0%| F|  |TAMS 0x0000000082900000, 0x0000000082900000| Untracked 
|  30|0x0000000082a00000, 0x0000000082a00000, 0x0000000082b00000|  0%| F|  |TAMS 0x0000000082a00000, 0x0000000082a00000| Untracked 
|  31|0x0000000082b00000, 0x0000000082b00000, 0x0000000082c00000|  0%| F|  |TAMS 0x0000000082b00000, 0x0000000082b00000| Untracked 
|  32|0x0000000082c00000, 0x0000000082c00000, 0x0000000082d00000|  0%| F|  |TAMS 0x0000000082c00000, 0x0000000082c00000| Untracked 
|  33|0x0000000082d00000, 0x0000000082d00000, 0x0000000082e00000|  0%| F|  |TAMS 0x0000000082d00000, 0x0000000082d00000| Untracked 
|  34|0x0000000082e00000, 0x0000000082e00000, 0x0000000082f00000|  0%| F|  |TAMS 0x0000000082e00000, 0x0000000082e00000| Untracked 
|  35|0x0000000082f00000, 0x0000000082f00000, 0x0000000083000000|  0%| F|  |TAMS 0x0000000082f00000, 0x0000000082f00000| Untracked 
|  36|0x0000000083000000, 0x0000000083000000, 0x0000000083100000|  0%| F|  |TAMS 0x0000000083000000, 0x0000000083000000| Untracked 
|  37|0x0000000083100000, 0x0000000083100000, 0x0000000083200000|  0%| F|  |TAMS 0x0000000083100000, 0x0000000083100000| Untracked 
|  38|0x0000000083200000, 0x0000000083200000, 0x0000000083300000|  0%| F|  |TAMS 0x0000000083200000, 0x0000000083200000| Untracked 
|  39|0x0000000083300000, 0x0000000083300000, 0x0000000083400000|  0%| F|  |TAMS 0x0000000083300000, 0x0000000083300000| Untracked 
|  40|0x0000000083400000, 0x0000000083400000, 0x0000000083500000|  0%| F|  |TAMS 0x0000000083400000, 0x0000000083400000| Untracked 
|  41|0x0000000083500000, 0x0000000083500000, 0x0000000083600000|  0%| F|  |TAMS 0x0000000083500000, 0x0000000083500000| Untracked 
|  42|0x0000000083600000, 0x0000000083600000, 0x0000000083700000|  0%| F|  |TAMS 0x0000000083600000, 0x0000000083600000| Untracked 
|  43|0x0000000083700000, 0x0000000083700000, 0x0000000083800000|  0%| F|  |TAMS 0x0000000083700000, 0x0000000083700000| Untracked 
|  44|0x0000000083800000, 0x0000000083800000, 0x0000000083900000|  0%| F|  |TAMS 0x0000000083800000, 0x0000000083800000| Untracked 
|  45|0x0000000083900000, 0x0000000083900000, 0x0000000083a00000|  0%| F|  |TAMS 0x0000000083900000, 0x0000000083900000| Untracked 
|  46|0x0000000083a00000, 0x0000000083a00000, 0x0000000083b00000|  0%| F|  |TAMS 0x0000000083a00000, 0x0000000083a00000| Untracked 
|  47|0x0000000083b00000, 0x0000000083b00000, 0x0000000083c00000|  0%| F|  |TAMS 0x0000000083b00000, 0x0000000083b00000| Untracked 
|  48|0x0000000083c00000, 0x0000000083c00000, 0x0000000083d00000|  0%| F|  |TAMS 0x0000000083c00000, 0x0000000083c00000| Untracked 
|  49|0x0000000083d00000, 0x0000000083d00000, 0x0000000083e00000|  0%| F|  |TAMS 0x0000000083d00000, 0x0000000083d00000| Untracked 
|  50|0x0000000083e00000, 0x0000000083e00000, 0x0000000083f00000|  0%| F|  |TAMS 0x0000000083e00000, 0x0000000083e00000| Untracked 
|  51|0x0000000083f00000, 0x0000000083f00000, 0x0000000084000000|  0%| F|  |TAMS 0x0000000083f00000, 0x0000000083f00000| Untracked 
|  52|0x0000000084000000, 0x0000000084000000, 0x0000000084100000|  0%| F|  |TAMS 0x0000000084000000, 0x0000000084000000| Untracked 
|  53|0x0000000084100000, 0x0000000084100000, 0x0000000084200000|  0%| F|  |TAMS 0x0000000084100000, 0x0000000084100000| Untracked 
|  54|0x0000000084200000, 0x0000000084200000, 0x0000000084300000|  0%| F|  |TAMS 0x0000000084200000, 0x0000000084200000| Untracked 
|  55|0x0000000084300000, 0x0000000084300000, 0x0000000084400000|  0%| F|  |TAMS 0x0000000084300000, 0x0000000084300000| Untracked 
|  56|0x0000000084400000, 0x0000000084400000, 0x0000000084500000|  0%| F|  |TAMS 0x0000000084400000, 0x0000000084400000| Untracked 
|  57|0x0000000084500000, 0x0000000084500000, 0x0000000084600000|  0%| F|  |TAMS 0x0000000084500000, 0x0000000084500000| Untracked 
|  58|0x0000000084600000, 0x0000000084600000, 0x0000000084700000|  0%| F|  |TAMS 0x0000000084600000, 0x0000000084600000| Untracked 
|  59|0x0000000084700000, 0x0000000084700000, 0x0000000084800000|  0%| F|  |TAMS 0x0000000084700000, 0x0000000084700000| Untracked 
|  60|0x0000000084800000, 0x0000000084800000, 0x0000000084900000|  0%| F|  |TAMS 0x0000000084800000, 0x0000000084800000| Untracked 
|  61|0x0000000084900000, 0x0000000084900000, 0x0000000084a00000|  0%| F|  |TAMS 0x0000000084900000, 0x0000000084900000| Untracked 
|  62|0x0000000084a00000, 0x0000000084a00000, 0x0000000084b00000|  0%| F|  |TAMS 0x0000000084a00000, 0x0000000084a00000| Untracked 
|  63|0x0000000084b00000, 0x0000000084b00000, 0x0000000084c00000|  0%| F|  |TAMS 0x0000000084b00000, 0x0000000084b00000| Untracked 
|  64|0x0000000084c00000, 0x0000000084c00000, 0x0000000084d00000|  0%| F|  |TAMS 0x0000000084c00000, 0x0000000084c00000| Untracked 
|  65|0x0000000084d00000, 0x0000000084d00000, 0x0000000084e00000|  0%| F|  |TAMS 0x0000000084d00000, 0x0000000084d00000| Untracked 
|  66|0x0000000084e00000, 0x0000000084e00000, 0x0000000084f00000|  0%| F|  |TAMS 0x0000000084e00000, 0x0000000084e00000| Untracked 
|  67|0x0000000084f00000, 0x0000000084f00000, 0x0000000085000000|  0%| F|  |TAMS 0x0000000084f00000, 0x0000000084f00000| Untracked 
|  68|0x0000000085000000, 0x0000000085000000, 0x0000000085100000|  0%| F|  |TAMS 0x0000000085000000, 0x0000000085000000| Untracked 
|  69|0x0000000085100000, 0x0000000085100000, 0x0000000085200000|  0%| F|  |TAMS 0x0000000085100000, 0x0000000085100000| Untracked 
|  70|0x0000000085200000, 0x0000000085200000, 0x0000000085300000|  0%| F|  |TAMS 0x0000000085200000, 0x0000000085200000| Untracked 
|  71|0x0000000085300000, 0x0000000085300000, 0x0000000085400000|  0%| F|  |TAMS 0x0000000085300000, 0x0000000085300000| Untracked 
|  72|0x0000000085400000, 0x0000000085400000, 0x0000000085500000|  0%| F|  |TAMS 0x0000000085400000, 0x0000000085400000| Untracked 
|  73|0x0000000085500000, 0x0000000085500000, 0x0000000085600000|  0%| F|  |TAMS 0x0000000085500000, 0x0000000085500000| Untracked 
|  74|0x0000000085600000, 0x0000000085600000, 0x0000000085700000|  0%| F|  |TAMS 0x0000000085600000, 0x0000000085600000| Untracked 
|  75|0x0000000085700000, 0x0000000085700000, 0x0000000085800000|  0%| F|  |TAMS 0x0000000085700000, 0x0000000085700000| Untracked 
|  76|0x0000000085800000, 0x0000000085800000, 0x0000000085900000|  0%| F|  |TAMS 0x0000000085800000, 0x0000000085800000| Untracked 
|  77|0x0000000085900000, 0x0000000085900000, 0x0000000085a00000|  0%| F|  |TAMS 0x0000000085900000, 0x0000000085900000| Untracked 
|  78|0x0000000085a00000, 0x0000000085a00000, 0x0000000085b00000|  0%| F|  |TAMS 0x0000000085a00000, 0x0000000085a00000| Untracked 
|  79|0x0000000085b00000, 0x0000000085b00000, 0x0000000085c00000|  0%| F|  |TAMS 0x0000000085b00000, 0x0000000085b00000| Untracked 
|  80|0x0000000085c00000, 0x0000000085c00000, 0x0000000085d00000|  0%| F|  |TAMS 0x0000000085c00000, 0x0000000085c00000| Untracked 
|  81|0x0000000085d00000, 0x0000000085d00000, 0x0000000085e00000|  0%| F|  |TAMS 0x0000000085d00000, 0x0000000085d00000| Untracked 
|  82|0x0000000085e00000, 0x0000000085e00000, 0x0000000085f00000|  0%| F|  |TAMS 0x0000000085e00000, 0x0000000085e00000| Untracked 
|  83|0x0000000085f00000, 0x0000000085f00000, 0x0000000086000000|  0%| F|  |TAMS 0x0000000085f00000, 0x0000000085f00000| Untracked 
|  84|0x0000000086000000, 0x0000000086000000, 0x0000000086100000|  0%| F|  |TAMS 0x0000000086000000, 0x0000000086000000| Untracked 
|  85|0x0000000086100000, 0x0000000086100000, 0x0000000086200000|  0%| F|  |TAMS 0x0000000086100000, 0x0000000086100000| Untracked 
|  86|0x0000000086200000, 0x0000000086200000, 0x0000000086300000|  0%| F|  |TAMS 0x0000000086200000, 0x0000000086200000| Untracked 
|  87|0x0000000086300000, 0x0000000086300000, 0x0000000086400000|  0%| F|  |TAMS 0x0000000086300000, 0x0000000086300000| Untracked 
|  88|0x0000000086400000, 0x0000000086400000, 0x0000000086500000|  0%| F|  |TAMS 0x0000000086400000, 0x0000000086400000| Untracked 
|  89|0x0000000086500000, 0x0000000086500000, 0x0000000086600000|  0%| F|  |TAMS 0x0000000086500000, 0x0000000086500000| Untracked 
|  90|0x0000000086600000, 0x0000000086600000, 0x0000000086700000|  0%| F|  |TAMS 0x0000000086600000, 0x0000000086600000| Untracked 
|  91|0x0000000086700000, 0x0000000086700000, 0x0000000086800000|  0%| F|  |TAMS 0x0000000086700000, 0x0000000086700000| Untracked 
|  92|0x0000000086800000, 0x0000000086800000, 0x0000000086900000|  0%| F|  |TAMS 0x0000000086800000, 0x0000000086800000| Untracked 
|  93|0x0000000086900000, 0x0000000086900000, 0x0000000086a00000|  0%| F|  |TAMS 0x0000000086900000, 0x0000000086900000| Untracked 
|  94|0x0000000086a00000, 0x0000000086a00000, 0x0000000086b00000|  0%| F|  |TAMS 0x0000000086a00000, 0x0000000086a00000| Untracked 
|  95|0x0000000086b00000, 0x0000000086b00000, 0x0000000086c00000|  0%| F|  |TAMS 0x0000000086b00000, 0x0000000086b00000| Untracked 
|  96|0x0000000086c00000, 0x0000000086c00000, 0x0000000086d00000|  0%| F|  |TAMS 0x0000000086c00000, 0x0000000086c00000| Untracked 
|  97|0x0000000086d00000, 0x0000000086d00000, 0x0000000086e00000|  0%| F|  |TAMS 0x0000000086d00000, 0x0000000086d00000| Untracked 
|  98|0x0000000086e00000, 0x0000000086e00000, 0x0000000086f00000|  0%| F|  |TAMS 0x0000000086e00000, 0x0000000086e00000| Untracked 
|  99|0x0000000086f00000, 0x0000000086f00000, 0x0000000087000000|  0%| F|  |TAMS 0x0000000086f00000, 0x0000000086f00000| Untracked 
| 100|0x0000000087000000, 0x0000000087000000, 0x0000000087100000|  0%| F|  |TAMS 0x0000000087000000, 0x0000000087000000| Untracked 
| 101|0x0000000087100000, 0x0000000087100000, 0x0000000087200000|  0%| F|  |TAMS 0x0000000087100000, 0x0000000087100000| Untracked 
| 102|0x0000000087200000, 0x0000000087200000, 0x0000000087300000|  0%| F|  |TAMS 0x0000000087200000, 0x0000000087200000| Untracked 
| 103|0x0000000087300000, 0x0000000087300000, 0x0000000087400000|  0%| F|  |TAMS 0x0000000087300000, 0x0000000087300000| Untracked 
| 104|0x0000000087400000, 0x0000000087400000, 0x0000000087500000|  0%| F|  |TAMS 0x0000000087400000, 0x0000000087400000| Untracked 
| 105|0x0000000087500000, 0x0000000087500000, 0x0000000087600000|  0%| F|  |TAMS 0x0000000087500000, 0x0000000087500000| Untracked 
| 106|0x0000000087600000, 0x0000000087600000, 0x0000000087700000|  0%| F|  |TAMS 0x0000000087600000, 0x0000000087600000| Untracked 
| 107|0x0000000087700000, 0x0000000087700000, 0x0000000087800000|  0%| F|  |TAMS 0x0000000087700000, 0x0000000087700000| Untracked 
| 108|0x0000000087800000, 0x0000000087800000, 0x0000000087900000|  0%| F|  |TAMS 0x0000000087800000, 0x0000000087800000| Untracked 
| 109|0x0000000087900000, 0x0000000087900000, 0x0000000087a00000|  0%| F|  |TAMS 0x0000000087900000, 0x0000000087900000| Untracked 
| 110|0x0000000087a00000, 0x0000000087a00000, 0x0000000087b00000|  0%| F|  |TAMS 0x0000000087a00000, 0x0000000087a00000| Untracked 
| 111|0x0000000087b00000, 0x0000000087b00000, 0x0000000087c00000|  0%| F|  |TAMS 0x0000000087b00000, 0x0000000087b00000| Untracked 
| 112|0x0000000087c00000, 0x0000000087c00000, 0x0000000087d00000|  0%| F|  |TAMS 0x0000000087c00000, 0x0000000087c00000| Untracked 
| 113|0x0000000087d00000, 0x0000000087d00000, 0x0000000087e00000|  0%| F|  |TAMS 0x0000000087d00000, 0x0000000087d00000| Untracked 
| 114|0x0000000087e00000, 0x0000000087e00000, 0x0000000087f00000|  0%| F|  |TAMS 0x0000000087e00000, 0x0000000087e00000| Untracked 
| 115|0x0000000087f00000, 0x0000000087f00000, 0x0000000088000000|  0%| F|  |TAMS 0x0000000087f00000, 0x0000000087f00000| Untracked 
| 116|0x0000000088000000, 0x0000000088000000, 0x0000000088100000|  0%| F|  |TAMS 0x0000000088000000, 0x0000000088000000| Untracked 
| 117|0x0000000088100000, 0x0000000088100000, 0x0000000088200000|  0%| F|  |TAMS 0x0000000088100000, 0x0000000088100000| Untracked 
| 118|0x0000000088200000, 0x0000000088200000, 0x0000000088300000|  0%| F|  |TAMS 0x0000000088200000, 0x0000000088200000| Untracked 
| 119|0x0000000088300000, 0x0000000088300000, 0x0000000088400000|  0%| F|  |TAMS 0x0000000088300000, 0x0000000088300000| Untracked 
| 120|0x0000000088400000, 0x0000000088476470, 0x0000000088500000| 46%| E|  |TAMS 0x0000000088400000, 0x0000000088400000| Complete 
| 121|0x0000000088500000, 0x0000000088600000, 0x0000000088600000|100%| E|CS|TAMS 0x0000000088500000, 0x0000000088500000| Complete 
| 122|0x0000000088600000, 0x0000000088700000, 0x0000000088700000|100%| E|CS|TAMS 0x0000000088600000, 0x0000000088600000| Complete 
| 123|0x0000000088700000, 0x0000000088800000, 0x0000000088800000|100%| E|CS|TAMS 0x0000000088700000, 0x0000000088700000| Complete 
| 124|0x0000000088800000, 0x0000000088900000, 0x0000000088900000|100%| E|CS|TAMS 0x0000000088800000, 0x0000000088800000| Complete 
| 125|0x0000000088900000, 0x0000000088a00000, 0x0000000088a00000|100%| E|CS|TAMS 0x0000000088900000, 0x0000000088900000| Complete 
| 126|0x0000000088a00000, 0x0000000088b00000, 0x0000000088b00000|100%| E|CS|TAMS 0x0000000088a00000, 0x0000000088a00000| Complete 
| 127|0x0000000088b00000, 0x0000000088c00000, 0x0000000088c00000|100%| E|CS|TAMS 0x0000000088b00000, 0x0000000088b00000| Complete 

Card table byte_map: [0x00000234646e0000,0x0000023464ae0000] _byte_map_base: 0x00000234642da000

Marking Bits (Prev, Next): (CMBitMap*) 0x00000234519486c0, (CMBitMap*) 0x0000023451948700
 Prev Bits: [0x0000023464ee0000, 0x0000023466eb0000)
 Next Bits: [0x0000023466eb0000, 0x0000023468e80000)

Polling page: 0x000002344f8d0000

Metaspace:

Usage:
  Non-class:     14.47 MB used.
      Class:      1.72 MB used.
       Both:     16.18 MB used.

Virtual space:
  Non-class space:       16.00 MB reserved,      14.56 MB ( 91%) committed,  2 nodes.
      Class space:        1.00 GB reserved,       1.81 MB ( <1%) committed,  1 nodes.
             Both:        1.02 GB reserved,      16.38 MB (  2%) committed. 

Chunk freelists:
   Non-Class:  1.00 MB
       Class:  2.24 MB
        Both:  3.24 MB

MaxMetaspaceSize: unlimited
CompressedClassSpaceSize: 1.00 GB
Initial GC threshold: 21.00 MB
Current GC threshold: 21.00 MB
CDS: off
MetaspaceReclaimPolicy: balanced
 - commit_granule_bytes: 65536.
 - commit_granule_words: 8192.
 - virtual_space_node_default_size: 1048576.
 - enlarge_chunks_in_place: 1.
 - new_chunks_are_fully_committed: 0.
 - uncommit_free_chunks: 1.
 - use_allocation_guard: 0.
 - handle_deallocations: 1.


Internal statistics:

num_allocs_failed_limit: 0.
num_arena_births: 104.
num_arena_deaths: 0.
num_vsnodes_births: 3.
num_vsnodes_deaths: 0.
num_space_committed: 262.
num_space_uncommitted: 0.
num_chunks_returned_to_freelist: 0.
num_chunks_taken_from_freelist: 180.
num_chunk_merges: 0.
num_chunk_splits: 89.
num_chunks_enlarged: 34.
num_purges: 0.
num_inconsistent_stats: 0.

CodeHeap 'non-profiled nmethods': size=120000Kb used=272Kb max_used=272Kb free=119727Kb
 bounds [0x000002345ca80000, 0x000002345ccf0000, 0x0000023463fb0000]
CodeHeap 'profiled nmethods': size=120000Kb used=1647Kb max_used=1647Kb free=118353Kb
 bounds [0x0000023455550000, 0x00000234557c0000, 0x000002345ca80000]
CodeHeap 'non-nmethods': size=5760Kb used=1304Kb max_used=1319Kb free=4455Kb
 bounds [0x0000023454fb0000, 0x0000023455220000, 0x0000023455550000]
 total_blobs=1649 nmethods=1010 adapters=552
 compilation: enabled
              stopped_count=0, restarted_count=0
 full_count=0

Compilation events (20 events):
Event: 1.088 Thread 0x000002346c437030  927       3       sun.java2d.marlin.IntArrayCache$Reference::putArray (9 bytes)
Event: 1.088 Thread 0x000002346c437030 nmethod 927 0x00000234556c7e90 code [0x00000234556c8040, 0x00000234556c8188]
Event: 1.088 Thread 0x000002346ce72f70  928       4       sun.java2d.pipe.RenderBuffer::putInt (26 bytes)
Event: 1.088 Thread 0x000002346c437030  929       3       java.awt.font.FontRenderContext::equals (127 bytes)
Event: 1.089 Thread 0x000002346ce72f70 nmethod 928 0x000002345cac1110 code [0x000002345cac1280, 0x000002345cac1338]
Event: 1.089 Thread 0x000002346c437030 nmethod 929 0x00000234556c8290 code [0x00000234556c8580, 0x00000234556c9778]
Event: 1.090 Thread 0x000002346c437030  930       3       java.awt.geom.AffineTransform::updateState (230 bytes)
Event: 1.090 Thread 0x000002346c437030 nmethod 930 0x00000234556c9b10 code [0x00000234556c9d20, 0x00000234556ca5d8]
Event: 1.091 Thread 0x000002346c437030  931       3       javax.swing.plaf.nimbus.NimbusStyle::getNextState (199 bytes)
Event: 1.091 Thread 0x000002346c437030 nmethod 931 0x00000234556ca690 code [0x00000234556ca8c0, 0x00000234556cb128]
Event: 1.091 Thread 0x000002346c437030  932       3       java.awt.geom.Rectangle2D$Float::getX (6 bytes)
Event: 1.091 Thread 0x000002346c437030 nmethod 932 0x00000234556cb510 code [0x00000234556cb6a0, 0x00000234556cb7b8]
Event: 1.091 Thread 0x000002346c437030  933       3       java.awt.geom.Rectangle2D$Float::getY (6 bytes)
Event: 1.091 Thread 0x000002346c437030 nmethod 933 0x00000234556cb890 code [0x00000234556cba20, 0x00000234556cbb38]
Event: 1.091 Thread 0x000002346c437030  934       3       java.awt.geom.Rectangle2D$Float::getHeight (6 bytes)
Event: 1.092 Thread 0x000002346c437030 nmethod 934 0x00000234556cbc10 code [0x00000234556cbda0, 0x00000234556cbeb8]
Event: 1.094 Thread 0x000002346c437030  935       3       sun.util.locale.LocaleUtils::isUpper (18 bytes)
Event: 1.094 Thread 0x000002346c437030 nmethod 935 0x00000234556cbf90 code [0x00000234556cc120, 0x00000234556cc298]
Event: 1.094 Thread 0x000002346c437030  936       3       sun.awt.AWTAutoShutdown::getInstance (4 bytes)
Event: 1.094 Thread 0x000002346c437030 nmethod 936 0x00000234556cc310 code [0x00000234556cc4a0, 0x00000234556cc598]

GC Heap History (0 events):
No events

Deoptimization events (20 events):
Event: 0.897 Thread 0x000002346c8e4440 Uncommon trap: trap_request=0xffffffde fr.pc=0x000002345caad748 relative=0x00000000000003a8
Event: 0.897 Thread 0x000002346c8e4440 Uncommon trap: reason=class_check action=maybe_recompile pc=0x000002345caad748 method=javax.swing.plaf.nimbus.DerivedColor$UIResource.equals(Ljava/lang/Object;)Z @ 1 c2
Event: 0.897 Thread 0x000002346c8e4440 DEOPT PACKING pc=0x000002345caad748 sp=0x000000848fafeab0
Event: 0.897 Thread 0x000002346c8e4440 DEOPT UNPACKING pc=0x00000234550023a3 sp=0x000000848fafea50 mode 2
Event: 0.897 Thread 0x000002346c8e4440 Uncommon trap: trap_request=0xffffffde fr.pc=0x000002345caad748 relative=0x00000000000003a8
Event: 0.897 Thread 0x000002346c8e4440 Uncommon trap: reason=class_check action=maybe_recompile pc=0x000002345caad748 method=javax.swing.plaf.nimbus.DerivedColor$UIResource.equals(Ljava/lang/Object;)Z @ 1 c2
Event: 0.897 Thread 0x000002346c8e4440 DEOPT PACKING pc=0x000002345caad748 sp=0x000000848fafea30
Event: 0.897 Thread 0x000002346c8e4440 DEOPT UNPACKING pc=0x00000234550023a3 sp=0x000000848fafe9d0 mode 2
Event: 0.897 Thread 0x000002346c8e4440 Uncommon trap: trap_request=0xffffffde fr.pc=0x000002345caad748 relative=0x00000000000003a8
Event: 0.897 Thread 0x000002346c8e4440 Uncommon trap: reason=class_check action=maybe_recompile pc=0x000002345caad748 method=javax.swing.plaf.nimbus.DerivedColor$UIResource.equals(Ljava/lang/Object;)Z @ 1 c2
Event: 0.897 Thread 0x000002346c8e4440 DEOPT PACKING pc=0x000002345caad748 sp=0x000000848fafec90
Event: 0.897 Thread 0x000002346c8e4440 DEOPT UNPACKING pc=0x00000234550023a3 sp=0x000000848fafec40 mode 2
Event: 1.063 Thread 0x000002346c8e4440 DEOPT PACKING pc=0x0000023455684b0e sp=0x000000848fafcd90
Event: 1.063 Thread 0x000002346c8e4440 DEOPT UNPACKING pc=0x0000023455002b43 sp=0x000000848fafc140 mode 0
Event: 1.068 Thread 0x000002346c8e4440 DEOPT PACKING pc=0x00000234556875c6 sp=0x000000848fafcd50
Event: 1.068 Thread 0x000002346c8e4440 DEOPT UNPACKING pc=0x0000023455002b43 sp=0x000000848fafc1e0 mode 0
Event: 1.071 Thread 0x000002346c8e4440 DEOPT PACKING pc=0x00000234556875c6 sp=0x000000848fafcc90
Event: 1.071 Thread 0x000002346c8e4440 DEOPT UNPACKING pc=0x0000023455002b43 sp=0x000000848fafc120 mode 0
Event: 1.072 Thread 0x000002346c8e4440 DEOPT PACKING pc=0x00000234556875c6 sp=0x000000848fafcd50
Event: 1.072 Thread 0x000002346c8e4440 DEOPT UNPACKING pc=0x0000023455002b43 sp=0x000000848fafc1e0 mode 0

Classes unloaded (0 events):
No events

Classes redefined (0 events):
No events

Internal exceptions (20 events):
Event: 0.320 Thread 0x00000234519073f0 Exception <a 'java/lang/ClassNotFoundException'{0x000000008895df20}: EditorPane> (0x000000008895df20) 
thrown [e:\jenkins\tmp\workspace\build\src\src\hotspot\share\classfile\systemDictionary.cpp, line 256]
Event: 0.320 Thread 0x00000234519073f0 Exception <a 'java/lang/ClassNotFoundException'{0x000000008895e8b8}: ToolBar> (0x000000008895e8b8) 
thrown [e:\jenkins\tmp\workspace\build\src\src\hotspot\share\classfile\systemDictionary.cpp, line 256]
Event: 0.320 Thread 0x00000234519073f0 Exception <a 'java/lang/ClassNotFoundException'{0x000000008895edb0}: ToolBar> (0x000000008895edb0) 
thrown [e:\jenkins\tmp\workspace\build\src\src\hotspot\share\classfile\systemDictionary.cpp, line 256]
Event: 0.320 Thread 0x00000234519073f0 Exception <a 'java/lang/ClassNotFoundException'{0x000000008895f110}: Button> (0x000000008895f110) 
thrown [e:\jenkins\tmp\workspace\build\src\src\hotspot\share\classfile\systemDictionary.cpp, line 256]
Event: 0.320 Thread 0x00000234519073f0 Exception <a 'java/lang/ClassNotFoundException'{0x000000008895f5d8}: ToolBar> (0x000000008895f5d8) 
thrown [e:\jenkins\tmp\workspace\build\src\src\hotspot\share\classfile\systemDictionary.cpp, line 256]
Event: 0.320 Thread 0x00000234519073f0 Exception <a 'java/lang/ClassNotFoundException'{0x000000008895f948}: ToggleButton> (0x000000008895f948) 
thrown [e:\jenkins\tmp\workspace\build\src\src\hotspot\share\classfile\systemDictionary.cpp, line 256]
Event: 0.320 Thread 0x00000234519073f0 Exception <a 'java/lang/ClassNotFoundException'{0x000000008895fd88}: javax/swing/JToolBarSeparator> (0x000000008895fd88) 
thrown [e:\jenkins\tmp\workspace\build\src\src\hotspot\share\classfile\systemDictionary.cpp, line 256]
Event: 0.320 Thread 0x00000234519073f0 Exception <a 'java/lang/ClassNotFoundException'{0x0000000088960090}: ToolBarSeparator> (0x0000000088960090) 
thrown [e:\jenkins\tmp\workspace\build\src\src\hotspot\share\classfile\systemDictionary.cpp, line 256]
Event: 0.321 Thread 0x00000234519073f0 Exception <a 'java/lang/ClassNotFoundException'{0x00000000889605e0}: ToolTip> (0x00000000889605e0) 
thrown [e:\jenkins\tmp\workspace\build\src\src\hotspot\share\classfile\systemDictionary.cpp, line 256]
Event: 0.322 Thread 0x00000234519073f0 Exception <a 'java/lang/ClassNotFoundException'{0x0000000088960f60}: Tree> (0x0000000088960f60) 
thrown [e:\jenkins\tmp\workspace\build\src\src\hotspot\share\classfile\systemDictionary.cpp, line 256]
Event: 0.322 Thread 0x00000234519073f0 Exception <a 'java/lang/ClassNotFoundException'{0x0000000088961458}: Tree> (0x0000000088961458) 
thrown [e:\jenkins\tmp\workspace\build\src\src\hotspot\share\classfile\systemDictionary.cpp, line 256]
Event: 0.322 Thread 0x00000234519073f0 Exception <a 'java/lang/ClassNotFoundException'{0x00000000889617c8}: javax/swing/JTreeCell> (0x00000000889617c8) 
thrown [e:\jenkins\tmp\workspace\build\src\src\hotspot\share\classfile\systemDictionary.cpp, line 256]
Event: 0.322 Thread 0x00000234519073f0 Exception <a 'java/lang/ClassNotFoundException'{0x0000000088961ac8}: TreeCell> (0x0000000088961ac8) 
thrown [e:\jenkins\tmp\workspace\build\src\src\hotspot\share\classfile\systemDictionary.cpp, line 256]
Event: 0.322 Thread 0x00000234519073f0 Exception <a 'java/lang/ClassNotFoundException'{0x00000000889622c0}: RootPane> (0x00000000889622c0) 
thrown [e:\jenkins\tmp\workspace\build\src\src\hotspot\share\classfile\systemDictionary.cpp, line 256]
Event: 0.379 Thread 0x00000234519073f0 Exception <a 'java/lang/NoSuchMethodError'{0x00000000889c1980}: 'void java.lang.invoke.DirectMethodHandle$Holder.invokeSpecial(java.lang.Object, java.lang.Object, java.lang.Object)'> (0x00000000889c1980) 
thrown [e:\jenkins\tmp\workspace\build\src\src\hotspot\share\interpreter\linkResolver.cpp, line 766]
Event: 0.391 Thread 0x00000234519073f0 Exception <a 'java/lang/NoSuchMethodError'{0x00000000889cece0}: 'java.lang.Object java.lang.invoke.DirectMethodHandle$Holder.invokeStatic(java.lang.Object, int, java.lang.Object, java.lang.Object, java.lang.Object, java.lang.Object)'> (0x00000000889cece0) 
thrown [e:\jenkins\tmp\workspace\build\src\src\hotspot\share\interpreter\linkResolver.cpp, line 766]
Event: 0.622 Thread 0x000002346c8e4440 Exception <a 'java/lang/ClassNotFoundException'{0x0000000088899388}: com/sun/swing/internal/plaf/synth/resources/spi/synthProvider> (0x0000000088899388) 
thrown [e:\jenkins\tmp\workspace\build\src\src\hotspot\share\classfile\systemDictionary.cpp, line 256]
Event: 0.622 Thread 0x000002346c8e4440 Exception <a 'java/lang/ClassNotFoundException'{0x000000008889d818}: com/sun/swing/internal/plaf/basic/resources/spi/basicProvider> (0x000000008889d818) 
thrown [e:\jenkins\tmp\workspace\build\src\src\hotspot\share\classfile\systemDictionary.cpp, line 256]
Event: 0.756 Thread 0x000002346c7f3720 Exception <a 'java/lang/NoSuchMethodError'{0x00000000889fbad0}: 'void java.lang.invoke.DirectMethodHandle$Holder.invokeVirtual(java.lang.Object, java.lang.Object)'> (0x00000000889fbad0) 
thrown [e:\jenkins\tmp\workspace\build\src\src\hotspot\share\interpreter\linkResolver.cpp, line 766]
Event: 0.774 Thread 0x000002346c8e4440 Exception <a 'java/lang/NoSuchMethodError'{0x00000000887d7c98}: 'void java.lang.invoke.DirectMethodHandle$Holder.invokeStaticInit(java.lang.Object)'> (0x00000000887d7c98) 
thrown [e:\jenkins\tmp\workspace\build\src\src\hotspot\share\interpreter\linkResolver.cpp, line 766]

VM Operations (10 events):
Event: 0.264 Executing VM operation: HandshakeAllThreads
Event: 0.264 Executing VM operation: HandshakeAllThreads done
Event: 0.658 Executing VM operation: HandshakeAllThreads
Event: 0.658 Executing VM operation: HandshakeAllThreads done
Event: 0.661 Executing VM operation: HandshakeAllThreads
Event: 0.661 Executing VM operation: HandshakeAllThreads done
Event: 0.959 Executing VM operation: HandshakeAllThreads
Event: 0.959 Executing VM operation: HandshakeAllThreads done
Event: 1.048 Executing VM operation: HandshakeAllThreads
Event: 1.048 Executing VM operation: HandshakeAllThreads done

Events (20 events):
Event: 1.047 loading class java/awt/DefaultKeyboardFocusManager$DefaultKeyboardFocusManagerSentEvent
Event: 1.047 loading class java/awt/SentEvent
Event: 1.047 loading class java/awt/SentEvent done
Event: 1.047 loading class java/awt/DefaultKeyboardFocusManager$DefaultKeyboardFocusManagerSentEvent done
Event: 1.047 loading class sun/awt/WeakIdentityHashMap$WeakKey
Event: 1.047 loading class sun/awt/WeakIdentityHashMap$WeakKey done
Event: 1.048 loading class java/util/ArrayList$ListItr
Event: 1.048 loading class java/util/ArrayList$ListItr done
Event: 1.048 loading class java/awt/event/FocusEvent$Cause
Event: 1.048 loading class java/awt/event/FocusEvent$Cause done
Event: 1.048 loading class sun/awt/KeyboardFocusManagerPeerImpl$KfmAccessor
Event: 1.048 loading class sun/awt/KeyboardFocusManagerPeerImpl$KfmAccessor done
Event: 1.048 loading class java/awt/KeyboardFocusManager$HeavyweightFocusRequest
Event: 1.049 loading class java/awt/KeyboardFocusManager$HeavyweightFocusRequest done
Event: 1.051 loading class java/awt/DefaultKeyboardFocusManager$TypeAheadMarker
Event: 1.051 loading class java/awt/DefaultKeyboardFocusManager$TypeAheadMarker done
Event: 1.051 loading class java/awt/KeyboardFocusManager$LightweightFocusRequest
Event: 1.051 loading class java/awt/KeyboardFocusManager$LightweightFocusRequest done
Event: 1.093 loading class java/awt/KeyboardFocusManager$3
Event: 1.093 loading class java/awt/KeyboardFocusManager$3 done


Dynamic libraries:
0x00007ff6e8800000 - 0x00007ff6e880e000 	C:\Users\awenj\.p2\pool\plugins\org.eclipse.justj.openjdk.hotspot.jre.full.win32.x86_64_17.0.1.v20211116-1657\jre\bin\javaw.exe
0x00007ffaa4010000 - 0x00007ffaa4205000 	C:\WINDOWS\SYSTEM32\ntdll.dll
0x00007ffa98a50000 - 0x00007ffa98a66000 	C:\Program Files\AVAST Software\Avast\aswhook.dll
0x00007ffaa2eb0000 - 0x00007ffaa2f6e000 	C:\WINDOWS\System32\KERNEL32.DLL
0x00007ffaa1880000 - 0x00007ffaa1b48000 	C:\WINDOWS\System32\KERNELBASE.dll
0x00007ffaa1eb0000 - 0x00007ffaa1fb0000 	C:\WINDOWS\System32\ucrtbase.dll
0x00007ffa9c3e0000 - 0x00007ffa9c3f8000 	C:\Users\awenj\.p2\pool\plugins\org.eclipse.justj.openjdk.hotspot.jre.full.win32.x86_64_17.0.1.v20211116-1657\jre\bin\jli.dll
0x00007ffa9c3c0000 - 0x00007ffa9c3d9000 	C:\Users\awenj\.p2\pool\plugins\org.eclipse.justj.openjdk.hotspot.jre.full.win32.x86_64_17.0.1.v20211116-1657\jre\bin\VCRUNTIME140.dll
0x00007ffaa2500000 - 0x00007ffaa26a1000 	C:\WINDOWS\System32\USER32.dll
0x00007ffaa1c50000 - 0x00007ffaa1c72000 	C:\WINDOWS\System32\win32u.dll
0x00007ffaa3080000 - 0x00007ffaa30ab000 	C:\WINDOWS\System32\GDI32.dll
0x00007ffa7fa40000 - 0x00007ffa7fcda000 	C:\WINDOWS\WinSxS\amd64_microsoft.windows.common-controls_6595b64144ccf1df_6.0.19041.1110_none_60b5254171f9507e\COMCTL32.dll
0x00007ffaa1da0000 - 0x00007ffaa1ead000 	C:\WINDOWS\System32\gdi32full.dll
0x00007ffaa2f80000 - 0x00007ffaa301e000 	C:\WINDOWS\System32\msvcrt.dll
0x00007ffaa1fb0000 - 0x00007ffaa204d000 	C:\WINDOWS\System32\msvcp_win.dll
0x00007ffaa35b0000 - 0x00007ffaa35e0000 	C:\WINDOWS\System32\IMM32.DLL
0x00007ffa9c290000 - 0x00007ffa9c29c000 	C:\Users\awenj\.p2\pool\plugins\org.eclipse.justj.openjdk.hotspot.jre.full.win32.x86_64_17.0.1.v20211116-1657\jre\bin\vcruntime140_1.dll
0x00007ffa82960000 - 0x00007ffa829f1000 	C:\Users\awenj\.p2\pool\plugins\org.eclipse.justj.openjdk.hotspot.jre.full.win32.x86_64_17.0.1.v20211116-1657\jre\bin\msvcp140.dll
0x00007ffa628b0000 - 0x00007ffa634f6000 	C:\Users\awenj\.p2\pool\plugins\org.eclipse.justj.openjdk.hotspot.jre.full.win32.x86_64_17.0.1.v20211116-1657\jre\bin\server\jvm.dll
0x00007ffaa3500000 - 0x00007ffaa35ac000 	C:\WINDOWS\System32\ADVAPI32.dll
0x00007ffaa2e10000 - 0x00007ffaa2eab000 	C:\WINDOWS\System32\sechost.dll
0x00007ffaa2ce0000 - 0x00007ffaa2e0a000 	C:\WINDOWS\System32\RPCRT4.dll
0x00007ffaa30b0000 - 0x00007ffaa30b8000 	C:\WINDOWS\System32\PSAPI.DLL
0x00007ffa93a40000 - 0x00007ffa93a49000 	C:\WINDOWS\SYSTEM32\WSOCK32.dll
0x00007ffa8cff0000 - 0x00007ffa8d017000 	C:\WINDOWS\SYSTEM32\WINMM.dll
0x00007ffaa30c0000 - 0x00007ffaa312b000 	C:\WINDOWS\System32\WS2_32.dll
0x00007ffa99fa0000 - 0x00007ffa99faa000 	C:\WINDOWS\SYSTEM32\VERSION.dll
0x00007ffa9fff0000 - 0x00007ffaa0002000 	C:\WINDOWS\SYSTEM32\kernel.appcore.dll
0x00007ffa9c440000 - 0x00007ffa9c44a000 	C:\Users\awenj\.p2\pool\plugins\org.eclipse.justj.openjdk.hotspot.jre.full.win32.x86_64_17.0.1.v20211116-1657\jre\bin\jimage.dll
0x00007ffa9fc20000 - 0x00007ffa9fe04000 	C:\WINDOWS\SYSTEM32\DBGHELP.DLL
0x00007ffa99690000 - 0x00007ffa996bc000 	C:\WINDOWS\SYSTEM32\dbgcore.DLL
0x00007ffaa1cb0000 - 0x00007ffaa1d32000 	C:\WINDOWS\System32\bcryptPrimitives.dll
0x00007ffa996c0000 - 0x00007ffa996e5000 	C:\Users\awenj\.p2\pool\plugins\org.eclipse.justj.openjdk.hotspot.jre.full.win32.x86_64_17.0.1.v20211116-1657\jre\bin\java.dll
0x00007ffa9c260000 - 0x00007ffa9c278000 	C:\Users\awenj\.p2\pool\plugins\org.eclipse.justj.openjdk.hotspot.jre.full.win32.x86_64_17.0.1.v20211116-1657\jre\bin\zip.dll
0x00007ffaa37d0000 - 0x00007ffaa3f14000 	C:\WINDOWS\System32\SHELL32.dll
0x00007ffa9f3c0000 - 0x00007ffa9fb54000 	C:\WINDOWS\SYSTEM32\windows.storage.dll
0x00007ffaa31a0000 - 0x00007ffaa34f5000 	C:\WINDOWS\System32\combase.dll
0x00007ffaa1170000 - 0x00007ffaa119e000 	C:\WINDOWS\SYSTEM32\Wldp.dll
0x00007ffaa2450000 - 0x00007ffaa24fd000 	C:\WINDOWS\System32\SHCORE.dll
0x00007ffaa3020000 - 0x00007ffaa3075000 	C:\WINDOWS\System32\shlwapi.dll
0x00007ffaa1660000 - 0x00007ffaa167f000 	C:\WINDOWS\SYSTEM32\profapi.dll
0x00007ffa716e0000 - 0x00007ffa7186e000 	C:\Users\awenj\.p2\pool\plugins\org.eclipse.justj.openjdk.hotspot.jre.full.win32.x86_64_17.0.1.v20211116-1657\jre\bin\awt.dll
0x00007ffaa2c10000 - 0x00007ffaa2cdd000 	C:\WINDOWS\System32\OLEAUT32.dll
0x00007ffa9dff0000 - 0x00007ffa9e080000 	C:\WINDOWS\SYSTEM32\apphelp.dll
0x00007ffa93410000 - 0x00007ffa93499000 	C:\Users\awenj\.p2\pool\plugins\org.eclipse.justj.openjdk.hotspot.jre.full.win32.x86_64_17.0.1.v20211116-1657\jre\bin\freetype.dll
0x00007ffa719b0000 - 0x00007ffa71a58000 	C:\Users\awenj\.p2\pool\plugins\org.eclipse.justj.openjdk.hotspot.jre.full.win32.x86_64_17.0.1.v20211116-1657\jre\bin\fontmanager.dll
0x00007ffa9e180000 - 0x00007ffa9e21e000 	C:\WINDOWS\system32\uxtheme.dll
0x00007ffaa2310000 - 0x00007ffaa2425000 	C:\WINDOWS\System32\MSCTF.dll
0x00007ffaa36a0000 - 0x00007ffaa37ca000 	C:\WINDOWS\System32\ole32.dll
0x00007ffa9ef20000 - 0x00007ffa9ef4f000 	C:\WINDOWS\system32\DWMAPI.DLL
0x00007ffa6e720000 - 0x00007ffa6e845000 	C:\WINDOWS\system32\opengl32.dll
0x00007ffa9a680000 - 0x00007ffa9a6ac000 	C:\WINDOWS\SYSTEM32\GLU32.dll
0x00007ffa79ac0000 - 0x00007ffa79c90000 	C:\WINDOWS\system32\d3d9.dll
0x00007ffa943e0000 - 0x00007ffa944e5000 	C:\WINDOWS\System32\DriverStore\FileRepository\nvhm.inf_amd64_4bae2bfda6ecbdc0\nvldumdx.dll
0x00007ffaa1300000 - 0x00007ffaa1312000 	C:\WINDOWS\SYSTEM32\msasn1.dll
0x00007ffa99f60000 - 0x00007ffa99f91000 	C:\WINDOWS\SYSTEM32\cryptnet.dll
0x00007ffaa1720000 - 0x00007ffaa1876000 	C:\WINDOWS\System32\CRYPT32.dll
0x00007ffaa10e0000 - 0x00007ffaa10ec000 	C:\WINDOWS\SYSTEM32\cryptbase.dll
0x00007ffaa1d40000 - 0x00007ffaa1da0000 	C:\WINDOWS\System32\WINTRUST.DLL
0x00007ffaa2430000 - 0x00007ffaa244d000 	C:\WINDOWS\System32\imagehlp.dll
0x00007ffaa10c0000 - 0x00007ffaa10d8000 	C:\WINDOWS\SYSTEM32\CRYPTSP.dll
0x00007ffaa07e0000 - 0x00007ffaa0814000 	C:\WINDOWS\system32\rsaenh.dll
0x00007ffaa1c80000 - 0x00007ffaa1ca7000 	C:\WINDOWS\System32\bcrypt.dll
0x00007ffa5c990000 - 0x00007ffa5e5da000 	C:\WINDOWS\System32\DriverStore\FileRepository\nvhm.inf_amd64_4bae2bfda6ecbdc0\nvd3dumx.dll
0x00007ffa3bd60000 - 0x00007ffa3bf3c000 	C:\WINDOWS\system32\nvspcap64.dll
0x00007ffaa26b0000 - 0x00007ffaa2b22000 	C:\WINDOWS\System32\SETUPAPI.dll
0x00007ffaa1b50000 - 0x00007ffaa1b9e000 	C:\WINDOWS\System32\cfgmgr32.dll
0x00007ffa9b5e0000 - 0x00007ffa9b5f4000 	C:\WINDOWS\SYSTEM32\WTSAPI32.dll
0x00007ffa95d70000 - 0x00007ffa95e7c000 	C:\WINDOWS\SYSTEM32\WINHTTP.dll
0x00007ffa96f30000 - 0x00007ffa97623000 	C:\WINDOWS\system32\nvapi64.dll
0x00007ffa9ffa0000 - 0x00007ffa9ffc3000 	C:\WINDOWS\SYSTEM32\gpapi.dll
0x00007ffa94760000 - 0x00007ffa9479b000 	C:\WINDOWS\SYSTEM32\dxcore.dll
0x00007ffa9a6b0000 - 0x00007ffa9a6c9000 	C:\Users\awenj\.p2\pool\plugins\org.eclipse.justj.openjdk.hotspot.jre.full.win32.x86_64_17.0.1.v20211116-1657\jre\bin\net.dll
0x00007ffaa0ed0000 - 0x00007ffaa0f3a000 	C:\WINDOWS\system32\mswsock.dll
0x00007ffa933f0000 - 0x00007ffa93405000 	C:\Users\awenj\.p2\pool\plugins\org.eclipse.justj.openjdk.hotspot.jre.full.win32.x86_64_17.0.1.v20211116-1657\jre\bin\nio.dll
0x00007ffaa3f20000 - 0x00007ffaa3fc9000 	C:\WINDOWS\System32\clbcatq.dll
0x00007ffa96190000 - 0x00007ffa96344000 	C:\WINDOWS\SYSTEM32\WindowsCodecs.dll
0x00007ffa6d7a0000 - 0x00007ffa6d7de000 	C:\WINDOWS\system32\dataexchange.dll
0x00007ffa9d4e0000 - 0x00007ffa9d6c5000 	C:\WINDOWS\system32\dcomp.dll
0x00007ffa9c850000 - 0x00007ffa9cab4000 	C:\WINDOWS\system32\d3d11.dll
0x00007ffaa0010000 - 0x00007ffaa0104000 	C:\WINDOWS\system32\dxgi.dll
0x00007ffa9af10000 - 0x00007ffa9b111000 	C:\WINDOWS\system32\twinapi.appcore.dll
0x00007ffa93c80000 - 0x00007ffa93d79000 	C:\WINDOWS\SYSTEM32\textinputframework.dll
0x00007ffa9d6d0000 - 0x00007ffa9da2e000 	C:\WINDOWS\System32\CoreUIComponents.dll
0x00007ffa9ddb0000 - 0x00007ffa9dea2000 	C:\WINDOWS\System32\CoreMessaging.dll
0x00007ffaa0410000 - 0x00007ffaa0443000 	C:\WINDOWS\SYSTEM32\ntmarta.dll
0x00007ffa9c6f0000 - 0x00007ffa9c844000 	C:\WINDOWS\SYSTEM32\wintypes.dll

dbghelp: loaded successfully - version: 4.0.5 - missing functions: none
symbol engine: initialized successfully - sym options: 0x614 - pdb path: .;C:\Users\awenj\.p2\pool\plugins\org.eclipse.justj.openjdk.hotspot.jre.full.win32.x86_64_17.0.1.v20211116-1657\jre\bin;C:\WINDOWS\SYSTEM32;C:\Program Files\AVAST Software\Avast;C:\WINDOWS\WinSxS\amd64_microsoft.windows.common-controls_6595b64144ccf1df_6.0.19041.1110_none_60b5254171f9507e;C:\Users\awenj\.p2\pool\plugins\org.eclipse.justj.openjdk.hotspot.jre.full.win32.x86_64_17.0.1.v20211116-1657\jre\bin\server;C:\WINDOWS\System32\DriverStore\FileRepository\nvhm.inf_amd64_4bae2bfda6ecbdc0

VM Arguments:
jvm_args: -Dfile.encoding=Cp1252 -XX:+ShowCodeDetailsInExceptionMessages 
java_command: defaultPackage.Application
java_class_path (initial): C:\Users\awenj\Developpement\Projet_JAVA\ProjetPOO\bin
Launcher Type: SUN_STANDARD

[Global flags]
     intx CICompilerCount                          = 4                                         {product} {ergonomic}
     uint ConcGCThreads                            = 2                                         {product} {ergonomic}
     uint G1ConcRefinementThreads                  = 8                                         {product} {ergonomic}
   size_t G1HeapRegionSize                         = 1048576                                   {product} {ergonomic}
    uintx GCDrainStackTargetSize                   = 64                                        {product} {ergonomic}
   size_t InitialHeapSize                          = 134217728                                 {product} {ergonomic}
   size_t MarkStackSize                            = 4194304                                   {product} {ergonomic}
   size_t MaxHeapSize                              = 2134900736                                {product} {ergonomic}
   size_t MaxNewSize                               = 1280311296                                {product} {ergonomic}
   size_t MinHeapDeltaBytes                        = 1048576                                   {product} {ergonomic}
   size_t MinHeapSize                              = 8388608                                   {product} {ergonomic}
    uintx NonNMethodCodeHeapSize                   = 5839372                                {pd product} {ergonomic}
    uintx NonProfiledCodeHeapSize                  = 122909434                              {pd product} {ergonomic}
    uintx ProfiledCodeHeapSize                     = 122909434                              {pd product} {ergonomic}
    uintx ReservedCodeCacheSize                    = 251658240                              {pd product} {ergonomic}
     bool SegmentedCodeCache                       = true                                      {product} {ergonomic}
     bool ShowCodeDetailsInExceptionMessages       = true                                   {manageable} {command line}
   size_t SoftMaxHeapSize                          = 2134900736                             {manageable} {ergonomic}
     bool UseCompressedClassPointers               = true                           {product lp64_product} {ergonomic}
     bool UseCompressedOops                        = true                           {product lp64_product} {ergonomic}
     bool UseG1GC                                  = true                                      {product} {ergonomic}
     bool UseLargePagesIndividualAllocation        = false                                  {pd product} {ergonomic}

Logging:
Log output configuration:
 #0: stdout all=warning uptime,level,tags
 #1: stderr all=off uptime,level,tags

Environment Variables:
PATH=C:/Users/awenj/.p2/pool/plugins/org.eclipse.justj.openjdk.hotspot.jre.full.win32.x86_64_17.0.1.v20211116-1657/jre/bin/server;C:/Users/awenj/.p2/pool/plugins/org.eclipse.justj.openjdk.hotspot.jre.full.win32.x86_64_17.0.1.v20211116-1657/jre/bin;C:\Program Files (x86)\Razer\ChromaBroadcast\bin;C:\Program Files\Razer\ChromaBroadcast\bin;C:\Program Files (x86)\Common Files\Oracle\Java\javapath;C:\Program Files (x86)\Intel\iCLS Client\;C:\Program Files\Intel\iCLS Client\;C:\windows\system32;C:\windows;C:\windows\System32\Wbem;C:\windows\System32\WindowsPowerShell\v1.0\;C:\Program Files (x86)\Intel\Intel(R) Management Engine Components\DAL;C:\Program Files\Intel\Intel(R) Management Engine Components\DAL;C:\Program Files (x86)\Intel\Intel(R) Management Engine Components\IPT;C:\Program Files\Intel\Intel(R) Management Engine Components\IPT;C:\Program Files (x86)\NVIDIA Corporation\PhysX\Common;C:\WINDOWS\system32;C:\WINDOWS;C:\WINDOWS\System32\Wbem;C:\WINDOWS\System32\WindowsPowerShell\v1.0\;C:\WINDOWS\System32\OpenSSH\;C:\Program Files\Intel\WiFi\bin\;C:\Program Files\Common Files\Intel\WirelessCommon\;C:\WINDOWS\system32\config\systemprofile\AppData\Local\Microsoft\WindowsApps;C:\WINDOWS\system32;C:\WINDOWS;C:\WINDOWS\System32\Wbem;C:\WINDOWS\System32\WindowsPowerShell\v1.0\;C:\WINDOWS\System32\OpenSSH\;C:\Program Files\Git\cmd;C:\Users\awenj\AppData\Local\Microsoft\WindowsApps;C:\ProgramData\awenj\atom\bin;C:\Users\awenj\AppData\Local\Microsoft\WindowsApps;C:\Users\awenj\AppData\Local\Programs\Microsoft VS Code\bin;C:\Users\awenj\OneDrive\Bureau;
USERNAME=awenj
OS=Windows_NT
PROCESSOR_IDENTIFIER=Intel64 Family 6 Model 158 Stepping 9, GenuineIntel



---------------  S Y S T E M  ---------------

OS:
 Windows 10 , 64 bit Build 19041 (10.0.19041.1348)
OS uptime: 0 days 6:22 hours

CPU: total 8 (initial active 8) (4 cores per cpu, 2 threads per core) family 6 model 158 stepping 9 microcode 0xb4, cx8, cmov, fxsr, ht, mmx, 3dnowpref, sse, sse2, sse3, ssse3, sse4.1, sse4.2, popcnt, lzcnt, tsc, tscinvbit, avx, avx2, aes, erms, clmul, bmi1, bmi2, adx, fma, vzeroupper, clflush, clflushopt

Memory: 4k page, system-wide physical 8142M (2200M free)
TotalPageFile size 23248M (AvailPageFile size 2M)
current process WorkingSet (physical memory assigned to process): 97M, peak: 97M
current process commit charge ("private bytes"): 262M, peak: 263M

vm_info: OpenJDK 64-Bit Server VM (17.0.1+12) for windows-amd64 JRE (17.0.1+12), built on Oct 20 2021 07:42:55 by "" with MS VC++ 16.7 (VS2019)

END.
